<?xml version="1.0" encoding="UTF-8"?>
<!-- Generated by org.testng.reporters.JUnitReportReporter -->
<testsuite hostname="DESKTOP-9NRIQ1G" failures="0" tests="2" name="com.pumo.testclass.Search_Products_Test1" time="126.341" errors="0" timestamp="2024-05-04T15:11:48 IST" skipped="0">
  <testcase classname="com.pumo.testclass.Search_Products_Test1" name="INSHINE_Lipstick" time="63.208"/>
  <testcase classname="com.pumo.testclass.Search_Products_Test1" name="lakyou_beauty_25" time="63.133"/>
  <system-out>
    <![CDATA[Browser open
Enter URL
Login Successfull
Log Out Account
Browser Close
Browser open
Enter URL
Login Successfull
Log Out Account
Browser Close]]>
  </system-out>
</testsuite> <!-- com.pumo.testclass.Search_Products_Test1 -->
