<?xml version="1.0" encoding="UTF-8"?>
<!-- Generated by org.testng.reporters.JUnitReportReporter -->
<testsuite hostname="DESKTOP-9NRIQ1G" failures="0" tests="2" name="com.pumo.testclass.Search_Products_Test1" time="130.818" errors="0" timestamp="2024-04-26T15:33:54 IST" skipped="0">
  <testcase classname="com.pumo.testclass.Search_Products_Test1" name="INSHINE_Lipstick" time="66.732"/>
  <testcase classname="com.pumo.testclass.Search_Products_Test1" name="lakyou_beauty_25" time="64.086"/>
  <system-out>
    <![CDATA[Browser open
Enter URL
Login Successfull
Log Out Account
Browser Close
Browser open
Enter URL
Login Successfull
Log Out Account
Browser Close]]>
  </system-out>
</testsuite> <!-- com.pumo.testclass.Search_Products_Test1 -->
